Error at 1: Error: Syntax Error with Passenger Flight
Error at 6: Error: Syntax Error with Passenger Flight
Error at 9: Values missing
Error at 26: Error: Syntax Error with Passenger Flight
Error at 41: Error: Syntax Error with Passenger Flight
Error at 47: Error: Syntax Error with Passenger Flight
Error at 53: Values missing
Error at 55: Starting airport does not exist in airport list (UGK)
Error at 59: Error: Syntax Error with Passenger Flight
Error at 95: Error: Syntax Error with Passenger Flight
Error at 126: Error: Syntax Error with Passenger Flight
Error at 154: Values missing
Error at 171: Error: Syntax Error with Passenger Flight
Error at 204: Starting airport does not exist in airport list (A;S)
Error at 237: Values missing
Error at 262: Error: Syntax Error with Passenger Flight
Error at 281: Values missing
Error at 282: Starting airport does not exist in airport list (AM%)
Error at 304: Error: Syntax Error with Passenger Flight
Error at 312: Error: Syntax Error with Passenger Flight
Error at 327: Values missing
Error at 338: Error: Syntax Error with Passenger Flight
Error at 361: Error: Syntax Error with Passenger Flight
Error at 362: Error: Syntax Error with Passenger Flight
Error at 371: Error: Syntax Error with Passenger Flight
Error at 373: Error: Syntax Error with Passenger Flight
Error at 382: Starting airport does not exist in airport list (OR8)
Error at 385: Values missing
Error at 387: Error: Syntax Error with Passenger Flight
Error at 432: Error: Syntax Error with Passenger Flight
Error at 441: Starting airport does not exist in airport list (PEe)
Error at 453: Values missing
Error at 458: Error: Syntax Error with Passenger Flight
Error at 461: Starting airport does not exist in airport list (~AN)
Error at 494: Error: Syntax Error with Passenger Flight
Error at 498: Values missing
Error at 500: Values missing
Error at 509: Error: Syntax Error with Passenger Flight
Error at 510: Values missing
